<?xml version="1.0" encoding="utf-8"?>
<rss version="2.0" xmlns:atom="http://www.w3.org/2005/Atom">
  <channel>
    <title>WELT2000 Updates</title>
    <link>http://www.segelflug.de/vereine/welt2000/</link>
    <description>Updates of the WELT2000 database</description>
    <language>en</language>
    <copyright>Copyright WELT2000 2014</copyright>
    <ttl>0</ttl>
    <atom:link href="http://www.segelflug.de/vereine/welt2000/content/en/rss/updates.xml" rel="self" type="application/rss+xml" />
    <item>
      <title>Airport and waypoint database updated</title>
      <description>Airport and waypoint database updated</description>
      <link>test-release-1.php</link>
      <pubDate>24 Feb 2014 12:12:34 GMT</pubDate>
      <guid isPermaLink="false">2014-02-24-12-00-00</guid>
    </item>
    <item>
      <title>Airport and waypoint database updated</title>
      <description>Airport and waypoint database updated</description>
      <link>test-release-0.php</link>
      <pubDate>02 Aug 2013 12:43:21 GMT</pubDate>
      <guid isPermaLink="false">2013-03-02-12-00-00</guid>
    </item>
  </channel>
</rss>
